<?xml version="1.0" encoding="UTF-8"?>
<!-- Generated by org.testng.reporters.JUnitReportReporter -->
<testsuite skipped="0" hostname="DESKTOP-0F6JBA5" name="firstmvm.mavendemoTest" tests="1" failures="0" timestamp="28 Dec 2019 08:31:52 GMT" time="0.007" errors="0">
  <testcase name="mavendemo1" time="0.007" classname="firstmvm.mavendemoTest"/>
</testsuite> <!-- firstmvm.mavendemoTest -->
